No running program found to stop.
Starting camera script...
Running /usr/bin/python3 /home/nicolaiaustad/Desktop/run.py
0
Camera script started with PID 13207
Camera script stopped.
Starting camera script...
Running /usr/bin/python3 /home/nicolaiaustad/Desktop/run.py
0
Camera script started with PID 13390
Camera script stopped.
No running program found to stop.
No running program found to stop.
No running program found to stop.
Starting camera script...
Running /usr/bin/python3 /home/nicolaiaustad/Desktop/run.py
nohup command exit status: 0
Camera script started with PID 14547
Camera script stopped.
Starting camera script...
Starting systemd service camera_script.service
Camera script service started.
Starting camera script...
Starting systemd service camera_script.service
Camera script service started.
Starting camera script...
Starting systemd service camera_script.service
Camera script service started.
Starting camera script...
Starting systemd service camera_script.service
Camera script service started.
Starting camera script...
Starting systemd service camera_script.service
Camera script service started.
Starting camera script...
Program already running.
Starting camera script...
Starting systemd service camera_script.service
Camera script service started.
Starting camera script...
Starting systemd service camera_script.service
Camera script service started.
Starting camera script...
Starting systemd service camera_script.service
Camera script service started.
Starting camera script...
Starting systemd service camera_script.service
Camera script service started.
Starting camera script...
Starting systemd service camera_script.service
Camera script service started.
Starting camera script...
Starting systemd service camera_script.service
Camera script service started.
Starting camera script...
Starting systemd service camera_script.service
Camera script service started.
Starting camera script...
Starting systemd service camera_script.service
Camera script service started.
Starting camera script...
Starting systemd service camera_script.service
Camera script service started.
Starting camera script...
Starting systemd service camera_script.service
Camera script service started.
Starting camera script...
Starting systemd service camera_script.service
Camera script service started.
Starting camera script...
Starting systemd service camera_script.service
Camera script service started.
Starting camera script...
Starting systemd service camera_script.service
Camera script service started.
Starting camera script...
Starting systemd service camera_script.service
Camera script service started.
Starting camera script...
Starting systemd service camera_script.service
Camera script service started.
Starting camera script...
Starting systemd service camera_script.service
Camera script service started.
Starting camera script...
Starting systemd service camera_script.service
Camera script service started.
Starting camera script...
Starting systemd service camera_script.service
Camera script service started.
Starting camera script...
Starting systemd service camera_script.service
Camera script service started.
Starting camera script...
Starting systemd service camera_script.service
Camera script service started.
Starting camera script...
Starting systemd service camera_script.service
Camera script service started.
Starting camera script...
Starting systemd service camera_script.service
Camera script service started.
Starting camera script...
Starting systemd service camera_script.service
Camera script service started.
Starting camera script...
Starting systemd service camera_script.service
Camera script service started.
Starting camera script...
Starting systemd service camera_script.service
Camera script service started.
Starting camera script...
Starting systemd service camera_script.service
Camera script service started.
Starting camera script...
Starting systemd service camera_script.service
Camera script service started.
Starting camera script...
Starting systemd service camera_script.service
Camera script service started.
Starting camera script...
Starting systemd service camera_script.service
Camera script service started.
Starting camera script...
Starting systemd service camera_script.service
Camera script service started.
Starting camera script...
Starting systemd service camera_script.service
Camera script service started.
Starting camera script...
Starting systemd service camera_script.service
Camera script service started.
Starting camera script...
Starting systemd service camera_script.service
Camera script service started.
Starting camera script...
Starting systemd service camera_script.service
Camera script service started.
Starting camera script...
Starting systemd service camera_script.service
Camera script service started.
Starting camera script...
Starting systemd service camera_script.service
Camera script service started.
Starting camera script...
Starting systemd service camera_script.service
Camera script service started.
